ms 1000 1 -t 10 
38451 32837 45533

//
segsites: 73
positions: 0.003423854197 0.045687344035 0.050882508680 0.051220376676 0.051513252250 0.061687604559 0.072314196713 0.095170549160 0.102673305959 0.109481056358 0.135861705075 0.140014123275 0.158636264719 0.172647228731 0.187403692277 0.204911023654 0.223071475416 0.228495207755 0.232378736729 0.237975132053 0.246763009468 0.299328504368 0.346763118924 0.362938305932 0.369325195990 0.391678273729 0.397124325387 0.402618041802 0.421155341795 0.448645721273 0.456723770372 0.459945856912 0.460122650333 0.474727581048 0.488536571668 0.489263798971 0.493033188653 0.494820526356 0.542035601755 0.547234414439 0.594050999193 0.595353441442 0.598849281108 0.616852187868 0.617661976315 0.633015253753 0.643782036525 0.661812441715 0.711752734433 0.733262640095 0.774993159894 0.785176223008 0.794986150580 0.800327998118 0.822775539682 0.841119329215 0.873984009732 0.879910634885 0.881380676355 0.897423232743 0.912795591879 0.913159111648 0.915420481392 0.924605455797 0.927432992535 0.935382384068 0.943338962433 0.955977412259 0.971499493647 0.973160812152 0.977667364227 0.981094190163 0.999855369790 
0100010000010010000001000110010000000100000000000000000100000010001101011
0000010000010010000001000110010000000100000000000000001100000010001001010
0000010000010010000001000110010000000100000000000000001100000010001001010
0000101010000000000010000001000000000000010100000000100000100000000000000
0100010000010010000001000110010000000100000000000000000100000010001101011
0000010000010010000001010110010000000100000000000000001100000010001001010
0000101010000000000010000001000000000000010100000000100000100000000000000
0000101010000000000010000001000000000000010100000000100000100000000000000
0100010000010010000001000110010000000100000000000000000100000010001101011
0000010000010010000001000110010000000100000000000000001100000010001001010
0000101010000000000010000001000000000000010100000000100000100000000000000
0100010000010010000001000110010000000100000000000000000100000010001101011
0000010000010010000001000110010000000100000000000001001100000010001001010
0000010000010010000001000110010000000100000000000001001100000010001001010
0000010000010011000001000110010000000100000000000001001100000010001001010
0100010000010010000001000110010000000100000000000000000100000010001101011
0000101010000000000010000001000000000001010100000000100000100000000000000
0100010000010010000001000110010000000100000000000000000100000010001101011
0100010000010010000001000110010000000100100000000000000100000010001101011
0000010000010010000001000110010000000100000000000000001100000010001001010
0000010000010010000001000110010000000100000000000001001100000010001001010
0000010000010010000001010110010000000100000000000000001100000010001001010
0000010000010011000001000110010000000100000000000001001100000010001001010
0100010000010010000001000110010000000100000000100000000100000010011101011
0000010000010010000001000110010000000100000000000000001100000010001001010
0000010000010010000001000110010000000100000000000000001100000010001001010
0000010000010010000001000110010000000100000000000001001100000010001001010
0100010000010010000001000110010000000100000000000000000100000010011101011
0100010000010010000001000110010000000100000000000000000100000010001101011
0100010000010010000001000110010000000100000000000000000100000010001101011
0000010000010010000001000110010001000100000000000000001100000010001001010
0000010000010010000001000110010000000100000000000000001100000010001001010
0000010000010010001001010110010000000100000000000000001100000010001001010
0100010000010010000001000110010000000100100000000000000100000010001101011
0100010000010010000001000110010000000100000000000000000100000010001101011
0100010000010010000001000110010000000100000000000000000100000010001101011
0100010000010010000001000110010010100100000000000000000100000010001101011
0000010000010010000001000110010000000100001001000010000100000010001001010
0000010000010010000001000110010000000100000000000000001100000010001001010
0000101010000000000010000001000000000001010100000000100000100000000000000
0000010000010010000001000110010001000100000000000000001100000010001001010
0100010000010010000001000110010000000100000000000000000100000010001101011
0100010000010010000001000110010000000100000000000000000100000010001101011
0100010000010010000001000110010000000100000000000000000100000010001101011
0000101010000000000010000001000000000000010100000000100000100000000000000
0000010000010010000001000110010001000100000000000000001100000010001001010
0100010000010010000001000110010000000100000000000000000100000010001101011
0100010000010010000001000110010000000100100000000000000100000010001101011
0100010000010010000001000110010010100100000000000000000100000010001101011
0000010000010010000001010110010000000100000000000000001100000010001001010
0000010000010010000001010110010000000100000000000000001100000010001001010
0100010000010010000001000110010000000100000000100000000100000010011101011
0000101010000000000010000001000000000000010100000000100000100000000000000
0100010000010010000001000110010000000100000000000000000100000010001101011
0100010000010010000001000110010000000100000000000000000100000010001101011
0000101010000000000010000001000000000001010100000000100000100000000000000
0000010000010010000001011110010000000100000000000000001100000110001001010
0100010000010010000001000110010000000100000000000000000100000010001101011
0000010000010010000001000110010000000100000001000000000100000010001001010
0100010000010010000001000110010000000100000000000000000100000010001101011
0000010000010010000001000110010000000100000000000000001100000010001001010
0000010000010010000001010110010000000100000000000000001100000010001001010
0100010000010010000001000110010000000100000000000000000100000010001101011
0100010000010010000001000110010000000100000000000000000100000010011101011
0000010000010010000001000110010000000100000000000000001100000010001001010
0000010000010010000001000110110000000100000000000000001100000010001001010
0100010000010010000001000110010000000100000000000000000100000010001101011
0010010000010010000001000110010000000100000000000000001100000010001001010
0000010000010010000001000110010000000100000000000001001100000010001001010
0000010000010010000001000110010000000100000000000000001100000010001001010
0000010000010010000001000110010001000100000000000000001100000010001001010
0000010000010010000001000110010000000100000000000000001100000010001001010
0100010000010010000001000110010000000100000000000000000100000010001101011
0000010000010010000001000110010000000100000000000000001100000010001001010
0100010000010010000001000110010010100100000000000000000100000010001101011
0000010000010010000001000110010000000100000000000000001100000010001001010
0000010000010010000001011110010000000100000000000000001100000110001001010
0000010000010010000001000110010000000100000000000000001100000010001001010
0000010000010010000001000110010001000100000000000000001100000010001001010
0000010000010010000001000110010000000100000000000000001100000010001001010
0100010000010010000001000110010000000100000000000000000100000010001101011
0100010000010010000001000110010000000100000000000000000100000010001101011
0000101010000000000010000001000000000000010100000000100000100000000000000
0000010000010010000001000110010000000100000000000000001100000010001001010
0000010000010010000001000110010000000100000000010000001100000010001001010
0100010000010010000001000110010000000100000000000000000100000010001101011
0000010000010010000001010110010000000100000000000000001100000010001001010
0000010000010010000001000110010000000100000000000000001100000010001001010
0000010000010010000001000110010000000100000000000000001100000010001001010
0100010000010010000001000110010000001100000000000000000100000010001101011
0000010000010010000001000110010000000100000000000000001100000010001001010
0000010000010010000001000110010000000100000000000000001100000010001001010
0000010000010010000001000110010000000100000000000000001100000010001001010
0100010000010010000001000110010000000100000000000000000100000010001111011
0100010000010010000001000110010000000100000000000000000100000010001101011
0100010000010010000001000110010000000100000000000000000100000010001101011
0000010000010010000001000110010000000100000000000000001100000010001001010
0000101010000000000010000001000000000000010100000000100000100000000000000
0000010000010010000001010110010000000100000000000000001100000010001001010
0000010000010010000001000110010100000100000000000000000100010010101001110
0100010000010010000001000110010010100100000000000000000100000010001101011
0100010000010010000001000110010000000100000000000000000100000010001101011
0100010000010010000001000110010000000100000000100000000100000010011101011
0000010000010010000001000110010001000100000000000000001100000010001001010
0000010000010011000001000110010000000100000000000001001100000010001001010
0010010000010010000001000110010000000100000000000000001100000010001001010
0000010000010010000001000110010000000100000000000000001100000010001001010
0000010000010010000001000110010000000100000000000000001100000010001001010
0000010000010010000001000110010000000100000000010000001100000010001001010
0000010000010010000001000110010001000100000000000000001100000010001001010
0100010000010010000001000110010000000100100000000000000100000010001101011
0000101010000000000010000001000000000001010100000000100000100000000000000
0000010000010010000001000110010000000100000000000000001100000010001001010
0000010000010010000001000110010001000100000000000000001100000010001001010
0000010000010010000001000110010000000100000000000001001100000010001001010
0100010000010010000001000110010000000100000000000000000100000010001101011
0000010000010010000001000110011100000100000000000000000100010010101001010
0000010000010010000001000110010100000100000000000000000100010010101001010
0000010000010010000001000110010000000100001001000010000100000010001001010
1000010000110010000001000110010000000100000000000000000100010010101001010
0000010000010010000001000110010000000100000000000000001100000010001001010
0000010000010010000001000110010001000100000000000000001100000010001001010
0100010000010010000001000110010000000100000000000000000100000010001101011
0100010000010010000001000110010000000100000000000000000100000010001101011
0000010000010010000001000110110000000100000000000000001100000010001001010
0100010000010010000001000110010000000100000010000000000110000010011101011
0000010000010010000001000110010001000100000000000000001100000010001001010
0100010000010010000001000110010000000100000010000000000110000010011101011
0100010000010010000001000110010000000100000000000000000100000010001101011
0000010000010010000001000110010100000100000000000000000100010010101001010
0100010000010010000001000110010000000100000000000000000100000010001101011
0100010000010010000001000110010000000100000000000000000100000010001101011
0100010000010010000001000110010000000100100000000000000100000010001101011
0100010000010010000001000110010000000100000000100000000100000010011101011
0100010000010010000001000110010000000100000000000000000100000010001101011
0100010000010010000001000110010000000100000000000000000100000010001101011
0100010000010010000001000110010000000100000000000000000100000010001101011
0000101010000000000010000001000000000001010100000000100000100000000000000
0000010000010010000001000110010100000100000000000000000100010010101001010
1000010000110010000001000110010000000100000000000000000100010010101001010
0100010000010010000001000110010000000100000000000000000100000010001101011
0100010000010010000001000110010000000100000010000000000110000010011101011
0000010000010010000001000110010000000100000000000000001100000010001001010
0100010000010010000001000110010000000100000000000000000100000010001101011
0000010000010010000001000110010000000100000000010000001100000010001001010
0000010000010010000001000110010001000100000000000000001100000010001001010
0000010000010010000001010110010000000100000000000000001100000010001001010
0100010000010010000001000110010000000100000000000000000100000010001101011
0000010000010010000001000110010000000100000000000000001100000010001001010
0100010000010010000001000110010010100100000000000000000100000010001101011
0100010000010010000001000110010000000100000000000000000100000010001101011
0100010000010010000001000110010000000100000000000000000100000010001101011
0000010000010010000001000110010000000100000000000000001100000010001001010
0100010000010010000001000110010000000100000000000000000100000010001101011
0000010000010010001001010110010000000100000000000000001100000010001001010
0000010000010010000001000110010000000100000000000001001100000010001001010
0000010000010010000001000110010000000100000000000000001100000010001001010
0000010000010010000001000110010001000100000000000000001100000010001001010
0000010000010010000001011110010000000100000000000000001100000110001001010
0000010000010010000001000110010000000100001001000010000100000010001001010
0000101010000000000010000001000000000001010100000000100000100000000000000
0000010000010010000001000110010000000100000001000000000100000010001001010
0000010000010010000001000110010001000100000000000000001100000010001001010
0000010000010010000001000110011100000100000000000000000100010010101001010
0100010000010010000001000110010000000100000000000000000100000010001101011
0000010000010010000001000110010001000100000000000000001100000010001001010
0000010000010010000001000110010000000100000000000000001100000010001001010
0100010000010010000001000110010000000100000000000000000100000010011101011
0000010000010010000001011110010000000100000000000000001100000110001001010
0000010000010010000001000110010000000100000000000000001100000010001001010
0100010000010010000001000110010000000100000000000000000100000010001101011
0100010000010010000001000110010000000100000000000000000100000010001101011
0000010000010010000001000110010001000100000000000000001100000010001001010
0000010000010010000001000110010001000100000000000000001100000010001001010
0000101010001000010010000001000000000000010100000000000000101000000000000
0100010000010010000001000110010000000100100000000000000100000010001101011
0100010000010010000001000110010000000100000000000000000100000010001101011
0000010000110010000001000110010000000100000000000000000100010010101001010
0000010000010010000001010110010000000100000000000000001100000010001001010
0000010000010010000001000110010000000100000000000000001100000010001001010
0000010000010010000001000110010000000100000000000000001100000010001001010
0000010000010011000001000110010000000100000000000001001100000010001001010
0000101010000000000010000001000000000000010100000000100000100000000000000
0000101010001000010010000001000000000000010100000000000000101000000000000
0000010000010010000001010110010000000100000000000000001100000010001001010
0100010000010010000001000110010000000100000000000000000100000010001101011
0000010000010010000001000110010001000100000000000000001100000010001001010
0000101110000000000010000001000000000000010100000000100000100000000000000
0000010000010010000001000110010000000100001001000010000100000010001001010
0000010000010010000001000110010001000100000000000000001100000010001001010
0100010000010010000001000110010000000100000000100000000100000010011101011
0000010000010010000001000110010000000100000000000000001100000010001001010
0000010000010010000001000110010000000100000000000001001100000010001001010
0010010000010010000001000110010000000100000000000000001100000010001001010
0100010000010010000001000110010010100100000000000000000100000010001101011
0100010000010010000001000110010000000100000000000000000100000010001101011
0000010000010010000001000110010000000100000000000000001100000010001001010
0100010000010010000001000110010000000100000000100000000100000010011101011
0000010000010010000001000110010001000100000000000000001100000010001001010
0100010000010010000001000110010000000100000000100000000100000010011101011
0100010000010010000001000110010000000100000000000000000100000010011101011
0100010000010010000001000110010000000100000000000000000100000010001101011
0000010000010010000001000110010100000100000000000000000100010010101001010
0100010000010010000001000110010000000100000000000000000100000010001101011
0000010000010010000001000110110000000100000000000000001100000010001001010
0000010000010010000001000110010000000100001001000010000100000010001001010
0000010000010010000001000110010001000100000000000000001100000010001001010
0100010000010010000001000110010000000100000000000000000100000010001101011
0000010000010010000001000110010000000100000000000000001100000010001001010
0000010000010010000001000110010000000100000000000000001100000010001001010
0010010000010010000001000110010000000100000000000000001100000010001001010
0000010000010010000001000110010000000100000000000000001100000010001001010
0000010000010010000001000110110000000100000000000000001100000010001001010
0100010000010010000001000110010000000100100000000000000100000010001101011
0000010000010010000001000110010000000100000000010000001100000010001001010
0000010000010010000001000110010000000100000000000001001100000010001001010
0000010000010010000001000110010001000100000000000000001100000010001001010
0000101010000000000010000001000000000000010100000000100000100000000000000
0000010000010010000001000110010000000100000000000000001100000010001001010
0000101010000000000010000001000000000000010100000000100000100000000000000
0000010000010010000001000110010100000100000000000000000100010010101001010
0000010000010010000001000110010000000100000000000000001100000010001001010
0000010000010010000001000110010000000100000000000000001100000010001001010
0000010000010010000001000110010100000100000000000000000100010010101001010
0000010000010010000001000110010100000100000000000000000100010010101001010
0100010000010010000001000110010000000100000000000000000100000010001101011
0100010000010010000001000110010000000100000000000000000100000010001101011
0000010000010010000001000110010000000100000000000001001100000010001001010
0000010000010010000001000110010001000100000000000000001100000010001001010
0000010000010010000001000110010000000100001001000010000100000010001001010
1000010000110010000001000110010000000100000000000000000100010010101001010
0100010000010010000001000110010000000100000000000000000100000010011101011
0000010000010010000001000110010001000100000000000000001100000010001001010
0000101010000000000010000001000000000000010100000000100000100000000000000
0100010000010010000001000110010000000100000000000000000100000010001101011
0100010000010010000001000110010000000100000000000000000100000011001101011
0000101010000000000010000001000000000001010100000000100000100000000000000
0100010000010010000001000110010000000100000000000000000100000010001101011
0000010000010010000001000110010000000100000000000000001100000010001001010
0100010000010010000001000110010000000100000000000000000100000010001101011
0000101110000000000010000001000000000000010100000000100000100000000000000
0000010000010010000001000110010000000100000001000000000100000010001001010
0000101010000000000010000001000000000000010100000000100000100000000000000
0000010000010010000001000110010000000100000000000000001100000010001001010
0000010000010010000001000110010000000100000000000000001100000010001001010
0000010000110010000001000110010000000100000000000000000100010010101001010
0000010000010010000001011110010000000100000000000000001100000110001001010
0100010000010010000001000110010000000100000000000000000100000010001101011
0000101010000000000010000001000000000000010100000000100000100000000000000
0000010000010010000001000110010000000100000000000000001100000010001001010
0100010000010010000001000110010000000100000000000000000100000011001101011
0100010000010010000001000110010000000100000000000000000100000010001101011
0100010000010010000001000110010000000100000000000000000100000010001101011
0100010000010010000001000110010000000100000000000000000100000010001101011
0000010000010010000001000110110000000100000000000000001100000010001001010
0000010000010010000001000110010000000100000000000001001100000010001001010
0000010000010010000001000110010000000100000000000000001100000010001001010
0100010000010010000001000110010000000100000000000000000100000010001101011
0000010000010010000001000110010001000100000000000000001100000010001001010
0000101010000000000010000001000000000001010100000000100000100000000000000
0000010000110010000001000110010000000100000000000000000100010010101001010
0000010000010010000001000110010001000100000000000000001100000010001001010
0000010000010010000001000110010000000100000000000000001100000010001001010
0100010000010010000001000110010000000100000000000000000100000010001101011
0000010000010010000001000110010000000100000000010000001100000010001001010
0000010000010010000001000110010000000100000000000000001100000010001001010
0100010000010010000001000110010000000100000000000000000100000010001101011
0000010000010010000001000110010000000100000000000001001100000010001001010
0000010000110010000001000110010000000100000000000000000100010010101001010
0100010000010010000001000110010010100100000000000000000100000010001101011
0100010000010010000001000110010000000100000000000000000100000010001101011
0000010000010010000001000110010000000100000000010000001100000010001001010
0000010000010010000001000110010000000100000000001000001100000010001001010
0010010000010010000001000110010000000100000000000000001100000010001001010
0000101010000000000010000001000000000000010100000000100000100000000000000
0100010000010010000001000110010000000100000000000000000100000010001101011
0001010000010010000001000110010000000100000000000001001100000010001001010
0100010000010010000001000110010000000100000000000000000100000010001101011
0000010000010011000001000110010000000100000000000001001100000010001001010
0000010000010010000001000110010001000100000000000000001100000010001001010
0000010000010010000001000110010001000100000000000000001100000010001001010
0000010000010010000001000110010000000100000000000001001100000010001001010
0000010000010010000001000110010001000100000000000000001100000010001001010
0100010000010010000001000110010000000100000000000000000100000010001101011
0100010000010010000001000110010000000100000010000000000110000010011101011
0100010000010010000001000110010000000100000000000000000100000010001111011
0000010000010010000001000110010000000100000000000001001100000010001001010
0000010000010010000001000110110000000100000000000000001100000010001001010
0000010000010010000001000110010001000100000000000000001100000010001001010
0000010000010010000001000110010000000100000000000001001100000010001001010
0100010000010010000001000110010000000100000000000000000100000010001101011
0000010000010010000001000110010000000100000000000000001100000010001001010
0100010000010010000001000110010000000100100000000000000100000010001101011
0100010000010010000001000110010000000100000000000000000100000010001101011
0000010000010010000001000110010000000100000000000000001100000010001001010
0000010000010010000001000110010000000100001001000010000100000010001001010
0000010000010010000001000110010001000100000000000000001100000010001001010
0100010000010010000001000110010000000100000000000000000100000010001101011
0010010000010010000001000110010000000100000000000000001100000010001001010
0000010000010010000001000110010001000100000000000000001100000010001001010
0000010000010010000001000110010000000100000000000000001100000010001001010
0000010000010010000001010110010000000100000000000000001100000010001001010
0100010000010010000001000110010000000100000000100000000100000010011101011
0100010000010010000001000110010000000100000000000000000100000010001101011
0100010000010010000001000110010000000100000000000000000100000010011101011
0100010000010010000001000110010000000100000000000000000100000010001101011
0000010000010010000001000110010001000100000000000000001100000010001001010
0100010000010010000001000110010000000100000000000000000100000010001101011
0000101010000000000010000001000000000000010100000000100000100000000000000
0000010000010010000001000110010001000100000000000000001100000010001001010
0000010000010010000001000110010000000100000000000001001100000010001001010
0000010000010010000001000110010000000100000000000000001100000010001001010
0100010000010010000001000110010000000100000000000000000100000010011101011
0000010000110010000001000110010000000100000000000000000100010010101001010
0000010000010010100001000110010000000100000000000001001100000010001001010
0000010000010010000001000110010001000100000000000000001100000010001001010
0100010000010010000001000110010000000100000000000000000100000010001101011
0000010000010010000001000110010100000100000000000000000100010010101001010
0000010000010010000001000110010000000100000000000000001100000010001001010
0000010000010010000001000110010001000100000000000000001100000010001001010
0000010000010010000001010110010000000100000000000000001100000010001001010
0000010000010010000001000110010000000100000000000000001100000010001001010
0100010000010010000001000110010000000100000000000000000100000010001101011
0100010000010010000001000110010000000100000000000000000100000010011101011
0000010000010010000001000110010001000100000000000000001100000010001001010
0000010000010010000001000110010000000100000000000000001100000010001001010
0000010000010010000001100110010001000100000000000000001100000010001001010
0100010000010010000001000110010000000100000000000000000100000010001101011
0100010000010010000001000110010000000100000000000000000100000010001101011
0100010000010010000001000110010000000100000000000000000100000010001101011
0000010000010010000001000110010000000100000000000000001100000010001001010
0000010000010010000001000110010100000100000000000000000100010010101001010
0000010000010010000001100110010001000100000000000000001100000010001001010
0100010000010010000001000110010000000100000000000000000100000010001101011
0100010000010010000001000110010000000100000000000000000100000010001101011
0100010000010010000001000110010000000100000000000000000100000010001101011
0000010000010010001001010110010000000100000000000000001100000010001001010
0100010000010010000001000110010000000100000000000000000100000010001111011
0000010000010010000001010110010000000100000000000000001100000010001001010
0000010000010010000001000110010000000100000000000000001100000010001001010
0100010000010010000001000110010000000100000000000000000100000010001101011
0100010000010010000001000110010000000100000000000000000100000010001101011
0100010001010010000001000110010000000100000000000000000100000010001101011
0100010000010010000001000110010000000100000000000000000100000010001101011
0000101110000000000010000001000000000000010100000000100000100000000000000
0100010000010010000001000110010000000100100000000000000100000010001101011
0000010000010010000001000110010000000100000000000000001100000010001001010
0100010000010010000001000110010000000100000000000000000100000010011101011
0100010000010010000001000110010000000100000000000000000100000010011101011
0000010000010010000001000110010000000100000000010000001100000010001001010
0100010000010010000001000110010000000100000000000000000100000010001101011
0100010000010010000001000110010000000100000000000000000100000010001101011
0100010000010010000001000110010000000100000000000000000100000010001101011
0000101010000000000010000001000000000001010100000000100000100000000000000
0000010000010010000001010110010000000100000000000000001100000010001001010
0000010000010010000001000110010100000100000000000000000100010010101001010
0000010000010010000001000110010000000100000000000000001100000010001001010
0010010000010010000001000110010000000100000000000000001100000010001001010
0000010000010010000001000110010000000100000000000000001100000010001001010
0100010000010010000001000110010000000100000000000000000100000010001101011
0000010000010010000001010110010000000100000000000000001100000010001001010
0100010000010010000001000110010000000100000000000000000100000010001101011
0100010000010010000001000110010000000100100000000000000100000010001101011
0000010000010010000001000110010000000100000000010000001100000010001001010
0000010000010010000001000110010100000100000000000000000100010010101001010
0100010000010010000001000110010000000100000000000000000100000010001101011
0000010000010010000001000110010000000100001001000010000100000010001001010
0000010000010010000001000110010000000100000000010000001100000010001001010
0000010000010010000001000110010000000100000000000000001100000010001001010
0100010000010010000001000110010010100100000000000000000100000010001101011
0100010000010010000001000110010000000100100000000000000100000010001101011
0000010000010010000001000110010001000100000000000000001100000010001001010
0000101110000000000010000001000000000000010100000000100000100000000000000
0000010000010010000001000110010000000100000000000000001100000010001001010
0100010000010010000001000110010000000100000000000000000100000010001101011
0100010000010010000001000110010000000100000000000000000100000010001101011
0100010000010010000001000110010000000100000000000000000100000010001101011
0000101010000000000010000001000000000001010100000000100000100000000000000
0000010000010010000001000110010001000100000000000000001100000010001001010
0000101010000000000010000001000000000000010100000000100000100000000000000
0000010000010010000001010110010000000100000000000000001100000010001001010
0000010000010010000001000110010000000100000001000000000100000010001001010
0000010000010010000001000110010000000100001001000010000100000010001001010
0000010000010010000001000110010000000100000000000001001100000010001001010
0100010000010010000001000110010000000100000000000000000100000010001101011
0000010000010010000001000110010000000100001001000010000100000010001001010
0100010000010010000001000110010000000100000000000000000100000010001101011
0000010000010010000001010110010000000100000000000000001100000010001001010
0000010000010010000001000110010000000100000000000001001100000010001001010
0000010000010010000001000110010000000100000000000000001100000010001001010
0000010000010010000001000110010001000100000000000000001100000010001001010
0100010000010010000001000110010000000100000000000000000100000010011101011
0100010000010010000001000110010000000100000000000000000100000010001101011
0100010000010010000001000110010000000100000000000000000100000010011101011
0000101010000000000010000001000000000001010100000000100000100000000000000
0100010000010010000001000110010000000100100000000000000100000010001101011
0100010000010010000001000110010000000100000000000000000100000010001101011
0000010000010010000001000110010000000100000000000000001100000010001001010
0100010000010010000001000110010000000100000000000000000100000010001101011
0000010000010010000001000110110000000100000000000000001100000010001001010
0000010000010010000001000110010000000100000000000000001100000010001001010
0000010000010010000001000110010001000100000000000000001100000010001001010
0100010000010010000001000110010000000100000000000000000100000010001101011
0000010000010010000001000110010001000100000000000000001100000010001001010
0000101010000000000010000001000000000001010100000000100000100000000000000
0100010000010010000001000110010000000100000000000000000100000010001101011
0000010000010010000001000110110000000100000000000000001100000010001001010
0000010000010010000001000110010100000100000000000000000100010010101001010
0000010000010010000001000110010000000100000000000000001100000010001001010
0000010000010010000001000110010000000100001001000010000100000010001001010
0100010000010010000001000110010000000100000000000000000100000010001101011
0100010000010010000001000110010000000100000000000000000100000010011101011
0100010000010010000001000110010000000100000000000000000100000010001101011
0100010000010010000001000110010000000100000000000000000100000010001101011
0000010000010010000001000110010000000100000000000000001100000010001001010
0100010000010010000001000110010000000100000000000000000100000010001101011
0000010000010010000001000110110000000100000000000000001100000010001001010
0100010000010010000001000110010000000100000000000000000100000010001101011
0000010000010010000001000110010000000100000000000001001100000010001001010
0000010000010010000001000110010001000100000000000000001100000010001001010
0000010000010010000001000110010100000100000000000000000100010010101001010
0000010000010010000001000110010000000100000000000001001100000010001001010
0000010000010010000001000110010000000100000000000000001100000010001001010
0100010000010010000001000110010000000100000000000000000100000010001101011
0000010000010010000001000110010001000100000000000000001100000010001001010
0000101010000000000010000001000000000001010100000000100000100000000000000
1000010000110010000001000110010000000100000000000000000100010010101001010
0000010000010010000001000110010000000100000000010000001100000010001001010
0000010000010010000001000110010000000100000000000000001100000010001001010
0000101010000000000010000001000000000000010100000000100000100000000000000
0000010000010010000001000110010000000100000000000000001100000010001001010
0000010000010010000001000110010000000100001001000010000100000010001001010
0000101010000000000010000001000000000000010100000000100000100000000000000
0100010000010010000001000110010000000100000000000000000100000010001101011
0100010000010010000001000110010000000100000000000000000100000010001101011
0000101010000000000010000001000000000001010100000000100000100000000000000
0000010000010010000001000110010000000100000000000000001100000010001001010
0000010000010010000001000110010000000100000000000000001100000010001001010
0000010000010010000001000110010000000100000000000000001100000010001001010
0000010000010010000001000110010000000100000001000000000100000010001001010
0000010000010010000001000110010001000100000000000000001100000010001001010
0100010000010010000001000110010000000100000000100000000100000010011101011
0100010000010010000001000110010000000100000000000000000100000010001101011
0000010000010010000001000110010000000100000000000000001100000010001001010
0100010000010010000001000110010000000100000000000000000100000010001101011
0000010000010010000001000110010000000100000000000000001100000010001001010
0000010000010010000001000110010001000100000000000000001100000010001001010
0000010000010010000001000110010000000100000000000000001100000010001001010
0000010000110010000001000110010000000100000000000000000100010010101001010
0000010000010010000001000110010000000100000000000000001100000010001001010
0000010000010010000101000110010000000100000000010000001100000010001001010
0000010000010010000001000110010000000100000000000000001100000010001001010
0000101010000000000010000001000000000001010100000000100000100000000000000
0100010000010010000001000110010000000100000000000000000100000010001101011
0000101010000000000010000001000000000000010100000000100000100000000000000
0000010000010010000001000110010000000100000000000000001100000010001001010
0100010000010010000001000110010000000100000000000000000100000010001101011
0000010000010010000001000110010000000100000000000001001100000010001001010
0000010000010010000001000110010000000100000000000000001100000010001001010
0100010000010010000001000110010000000100000000000000000100000010001101011
0100010000010010000001000110010000000100100000000000000100000010001101011
0100010000010010000001000110010000000100000000000000000100000010001101011
0100010000010010000001000110010000000100000000000000000100000010001101011
0000010000010010000001000110010000000100000000000001001100000010001001010
0000010000010010000001010110010000000100000000000000001100000010001001010
0000010000010010000001000110010100010100000000000000000100010010101001010
0000010000010010000001000110010001000100000000000000001100000010001001010
0100010000010010000001000110010000000100000000000000000100000010001101011
0000010000010010000001000110010000000100000000000000001100000010001001010
0000010000010010000001000110010000000100000000000000001100000010001001010
0000010000010010000001000110010000000100000000000000001100000010001001010
0000010000010010000001000110010001000100000000000000001100000010001001010
0000101010000000000010000001000000000000010100000000100000100000000000000
0000101110000000000010000001000000000000010100000000100000100000000000000
0000010000010010000001010110010000000100000000000000001100000010001001010
0100010000010010000001000110010000000100100000000000000100000010001101011
1000010000110010000001000110010000000100000000000000000100010010101001010
0100010000010010000001000110010000000100000000000000000100000010001101011
0100010000010010000001000110010000000100000000000000000100000010001101011
0000010000010010000001000110010000000100000000010000001100000010001001010
0100010000010010000001000110010000000100000000000000000100000010001101011
0100010000010010000001000110010000000100000000000000000100000010001101011
0000010000010010000001000110010000000100000000000000001100000010001001010
0000101010000000000010000001000000000000010100000000100000100000000000000
0000010000010010000001000110010001000100000000000000001100000010001001010
0000010000010010000001000110010000000100000000010000001100000010001001010
0000010000010010000001000110010000000100000000000000001100000010001001010
0000010000010010000001000110010000000100000000000000001100000010001001010
0000010000010010000001000110010100000100000000000000000100010010101001010
0000010000010010000001000110010000000100000000000000001100000010001001010
0100010000010010000001000110010000000100000000000000000100000010001101011
0000010000010010000001000110110000000100000000000000001100000010001001010
0100010000010010000001000110010000000100000000000000000100000010001101011
0000010000010010000001000110010000000100000000010000001100000010001001010
0000010000010010000001000110010000000100000000000000001100000010001001010
0000010000010010000001000110010001000100000000000000001100000010001001010
0100010000010010000001000110010010100100000000000000000100000010001101011
0000010000010010000001000110010000000100000000000000001100000010001001010
0000010000010010000001000110010001000100000000000000001100000010001001010
0000010000010010000001000110010000000100000000010000001100000010001001010
0000010000010010000001000110010000000100000000000000001100000010001001010
0000010000010010000001000110010000000100000000000000001100000010001001010
0100010000010010000001000110010000000100000000000000000100000010001101011
0000010000010010000001000110010000000100000000000000001100000010001001010
0000010000010010000001000110010001000100000000000000001100000010001001010
0000101010000000000010000001000000000001010100000000100000100000000000000
0000010000010010000001000110010000000100000000000001001100000010001001010
0000101110000000000010000001000000000000010100000000100000100000000000000
0000101010000000000010000001000000000000010100000000100000100000000000000
0100010000010010000001000110010000000100000000000000000100000010001101011
0000101010000000000010000001000000000000010100000000100000100000000000000
0000101010000000000010000001000000000000010100000000100000100000000000000
0000010000010011000001000110010000000100000000000001001100000010001001010
0100010000010010000001000110010010100100000000000000000100000010001101011
0000101010000000000010000001000000000001010100000000100000100000000000000
0000010000010010000001000110010100000100000000000000000100010010101001010
0000010000010010000001000110010001000100000000000000001100000010001001010
0100010000010010000001000110010010100100000000000000000100000010001101011
0000101010000000000010000001000000000001010100000000100000100000000000000
0000101110000000000010000001000000000000010100000000100000100000000000000
0000010000010010000001000110010000000100000000000000001100000010001001010
0000010000010010000001000110010000000100000000000000001100000010001001010
0000010000010010000001100110010001000100000000000000001100000010001001010
0000010000010010000001000110010000000100001001000010000100000010001001010
0100010000010010000001000110010000000100000000000000000100000010001101011
0000101010000000000010000001000000000000010100000000100000100000000000000
0100010000010010000001000110010000000100000000000000000100000010001101011
0100010000010010000001000110010000000100000000000000000100000010001101011
0000010000010010000001000110010001000100000000000000001100000010001001010
0100010000010010000001000110010000000100100000000000000100000010001101011
0000101010000000000010000001000000000001010100000000100000100000000000000
0000010000010010000001000110010001000100000000000000001100000010001001010
0100010000010010000001000110010000000100000000000000000100000010001101011
0100010000010010000001000110010000000100000000000000000100000010001101011
0000010000010010000001000110010000000100000001000000000100000010001001010
0000010000010010000001000110010000000100000000000001001100000010001001010
0000010000010010000001000110010000000100001001000010000100000010001001010
0000010000010010000001000110010000000100000000010000001100000010001001010
0000010000010010000001000110010000000100000000000001001100000010001001010
0000010000010010000001000110010000000100000000000000001100000010001001010
0000101110000000000010000001000000000000010100000000100000100000000000000
0000010000010010000001010110010000000100000000000000001100000010001001010
0000101010001000010010000001000000000000010100000000000000101000000000000
0100010000010010000001000110010000000100000000000000000100000010001101011
0000010000010010000001000110010000000100000000000000001100000010001001010
0000010000010010000001000110010000000100001001000010000100000010001001010
0000101010000000000010000001000000000000010100000000100000100000000000000
0000010000010010000001000110010000000100000000000000001100000010001001010
0000010000010010000001000110010000000100000000000000001100000010001001010
0000010000010010000001000110010000000100000000000000001100000010001001010
0000101010000000000010000001000000000000010100000000100000100000000000000
0000010000010010000001000110010000000100001001000010000100000010001001010
0100010000010010000001000110010000000100000010000000000110000010011101011
0100010000010010000001000110010000000100000000000000000100000010001101011
0100010000010010000001000110010000000100000000000000000100000010001101011
0000010000010010000001000110010000000100000000000000001100000010001001010
0000010000010010000001000110010000000100001001000010000100000010001001010
0000010000010010000001000110010000000100000001000000000100000010001001010
0000010000110010000001000110010000000100000000000000000100010010101001010
0100010000010010000001000110010000000100000000000000000100000010001101011
0100010000010010000001000110010000000100000000000000000100000010001101011
0000010000010010000001000110010000000100000000000000001100000010001001010
0000010000010010000001000110110000000100000000000000001100000010001001010
0000010000010010000001000110010000000100001001000010000100000010001001010
0100010000010010000001000110010000000100000000000000000100000010001101011
0000101010000000000010000001000000000000010100000000100000100000000000000
0000010000010010000001000110010000000100000000000000001100000010001001010
0000010000010010000001000110010000000100000000000000001100000010001001010
0000010000010010000001000110010000000100000000000001001100000010001001010
0000010000010010000001000110010000000100000000010000001100000010001001010
0000010000010010000001000110110000000100000000000000001100000010001001010
0000010000010010000001000110010001000100000000000000001100000010001001010
0000010000010010000001000110010000000100000000000000001100000010001001010
0000010000010010000001000110010001000100000000000000001100000010001001010
0000010000010010000001000110110000000100000000000000001100000010001001010
0000101010000000000010000001000000000000010100000000100000100000000000000
0100010000010010000001000110010000000100100000000000000100000010001101011
0000010000010010000001000110010001000100000000000000001100000010001001010
0100010000010010000001000110010000000100000000100000000100000010011101011
0000010000010010000001000110010000000100000000010000001100000010001001010
0100010000010010000001000110010000000100000000000000000100000010001101011
0000010000010010000001000110010000000100001001000010000100000010001001010
0100010000010010000001000110010000000100000000000000000100000010001101011
0100010000010010000001000110010000000100000000000000000100000010001101011
0100010000010010000001000110010000000100000000000000000100000010001101011
0100010000010010000001000110010000000100000000000000000100000010001101011
0100010000010010000001000110010000000100000000000000000100000010001101011
0000010000010010000001000110010000000100001001000010000100000010001001010
0000101010001000010010000001000000000000010100000000000000101000000000000
0000010000010010000001000110010000000100000000000000001100000010001001010
0000010000010010000001000110010000000100000000000000001100000010001001010
0000010000010010000001000110010000000100000001000000000100000010001001010
0100010000010010000001000110010000000100000000000000000100000010001101011
0100010000010010000001000110010000000100000000000000000100000011001101011
0100010000010010000001000110010000000100000000100000000100000010011101011
0100010000010010000001000110010000000100000000000000000100000010001101011
0000010000010010000001000110010000000100000000000000001100000010001001010
0000010000010010000001000110110000000100000000000000001100000010001001010
0100010000010010000001000110010000000100000000000000000100000010001101011
0000010000010010000001000110010000000100000000000000001100000010001001010
0000010000010010000001000110010000000100001001000010000100000010001001010
0000010000010010001001010110010000000100000000000000001100000010001001010
0100010000010010000001000110010000000100000000000000000100000010001101011
0000010000010010000001000110010000000100000000000000011100000010001001010
0100010000010010000001000110010000000100000000000000000100000010011101011
0100010000010010000001000110010000000100000000000000000100000010001101011
0000010000010010000001000110010000000100000001000000000100000010001001010
0000101010000000000010000001000000000001010100000000100000100000000000000
0000010000010010000001000110010000000100000000000000001100000010001001010
0000010000010010000001000110010001000100000000000000001100000010001001010
0100010000010010000001000110010000000100000000100000000100000010011101011
0000010000010010000001000110010000000100000000000000001100000010001001010
1000010000110010000001000110010000000100000000000000000100010010101001010
0000101010000000000010000001000000000001010100000000100000100000000000000
0100010000010010000001000110010000000100000000000000000100000010011101011
0000101010000000000010000001000000000001010100000000100000100000000000000
0000010000010010000001000110010001000100000000000000001100000010001001010
0000010000010010000001000110010000000100000000000000001100000010001001010
0100010000010010000001000110010000000100100000000000000100000010001101011
1000010000110010000001000110010000000100000000000000000100010010101001010
0100010000010010000001000110010000000100000000000000000100000010001101011
0100010000010010000001000110010000000100000000000000000100000010001101011
0100010000010010000001000110010000000100000000000000000100000010001101011
0100010000010010000001000110010000000100000000000000000100000010001101011
0000010000110010000001000110010000000100000000000000000100010010101001010
0100010000010010000001000110010000000100000000000000000100000010001101011
0100010000010010000001000110010000000100000000000000000100000010001101011
0100010000010010000001000110010000000100000000000000000100000010001101011
0000010000010010000001000110010000000100000000000000001100000010001001010
0100010000010010000001000110010000000110000010000000000110000010011101011
0100010000010010000001000110010000000100000000000000000100000010001101011
0000010000010010000001000110010001000100000000000000001100000010001001010
0000010000010010000001000110010000000100000000010000001100000010001001010
0000010000010010000001000110010000000100000000000000001100000010001001010
0000010000010010000001000110010000000100000000010000001100000010001001010
0000101010000000000010000001000000000000010100000000100000100000000000000
0000010000010010000001000110010000000100000000010000001100000010001001010
0000101010000000000010000001000000000000010100000000100000100000000000000
0000010000010010000001000110010001000100000000000000001100000010001001010
0000010000010010000001000110010001000100000000000000001100000010001001010
0100010000010010000001000110010000000100100000000000000100000010001101011
0000010000010010000001000110010001000100000000000000001100000010001001010
0000010000010010000001000110010000000100000000000001001100000010001001010
0000010000010010000001000110010000000100000000010000001100000010001001010
0100010000010010000001000110010000000100000000000000000100000010001101011
0000010000010010001001010110010000000100000000000000001100000010001001010
0100010000010010000001000110010010100100000000000000000100000010001101011
0000010000010010000001000110010000000100000000010000001100000010001001010
0100010000010010000001000110010000000100000000100000000100000010011101011
0000010000010010000001000110010000000100000000000001001100000010001001010
0000010000110010000001000110010000000100000000000000000100010010101001010
0000101010000000000010000001000000000000010100000000100000100000000000000
0010010000010010000001000110010000000100000000000000001100000010001001010
0100010000010010000001000110010000000100000000000000000100000010001101011
0000010000010010000001011110010000000100000000000000001100000110001001010
0000010000010010000001000110010000000100001001000010000100000010001001010
0000010000010010000001000110010001000100000000000000001100000010001001010
0000010000010010000001010110010000000100000000000000001100000010001001010
0000010000010010000001000110010000000100000000000000001100000010001001010
0000010000010010000001000110010001000100000000000000001100000010001001010
0000010000010010000001000110010000000100000000000000001100000010001001010
0100010000010010000001000110010000000100000000000000000100000010001101011
0100010000010010000001000110010000000100000000000000000100000010001101011
0000010000010010000001000110010000000100000000000000001100000010001001010
0100010000010010000001000110010000000100000000000000000100000010001101011
0000010000010010000001000110010001000100000000000000001100000010001001010
0000010000010010000001000110010000000100000000000000001100000010001001010
0000010000010010000001000110010001000100000000000100001100000010001001010
0000010000010010000001000110010000000100000000000001001100000010001001010
0100010000010010000001000110010000000100000000000000000100000010011101011
0000101010000000000010000001000000000001010100000000100000100000000000000
0000101010000000000010000001000000000000010100000000100000100000000000000
0000010000010010000001000110010000000100000000000000001100000010001001010
0010010000010010000001000110010000000100000000000000001100000010001001010
0100010000010010000001000110010000000100000000000000000100000010001101011
0000010000010010000001000110010000000100000000000001001100000010001001010
0000010000010010000001000110010000000100000000010000001100000010001001010
0100010000010010000001000110010000000100000000000000000100000010001101011
0100010000010010000001000110010000000100000000000000000100000010001101011
0000010000010010000001000110010000000100000000000000001100000010001001010
0000010000010010000001000110010100000100000000000000000100010010101001010
0000010000010010000001000110010000000100000000000001001100000010001001010
0100010000010010000001000110010000000110000010000000000110000010011101011
0100010000010010000001000110010000000100000000000000000100000010001101011
0100010000010010000001000110010000000100000000000000000100000010001101011
0100010000010010000001000110010000000100000000000000000100000010001101011
0100010000010010000001000110010000000100000000000000000100000010001101011
0000010000010010000001000110010000000100000000010000001100000010001001010
0100010000010010000001000110010000000100000000000000000100000010001101011
0000010000010010000001000110010100000100000000000000000100010010101001010
0100010000010010000001000110010000000100000000000000000100000010001101011
0100010000010010000001000110010010100100000000000000000100000010001101011
0000101010000000000010000001000000000001010100000000100000100000000000000
0000010000010010000001000110010001000100000000000000001100000010001001010
0000101010000000000010000001000000000001010100000000100000100000000000000
0000010000010010000001000110110000000100000000000000001100000010001001010
0100010000010010000001000110010000000100000000000000000100000010001101011
0000101110000000000010000001000000000000010100000000100000100000000000000
0000010000010010000001000110010001000100000000000000001100000010001001010
0100010000010010000001000110010010100100000000000000000100000010001101011
0100010000010010000001000110010000000100000000000000000100000010001101011
0100010000010010000001000110010000000100000000100000000100000010011101011
0000010000010010000001000110010100000100000000000000000100010010101001010
0000010000010010000001000110010000000100000000010000001100000010001001010
0100010000010010000001000110010000000100000000000000000100000010001101011
0000010000010010000001000110010000000100001001000010000100000010001001010
0000010000010010000001000110010000000100000000000000001100000010001001010
0000010000010010000001000110010000000100000000000000001100000010001001010
0100010000010010000001000110010000000100000000000000000100000010001101011
0000010000010010000001000110010000000100001001000010000100000010001001010
0000010000010010000001000110010001000100000000000000001100000010001001010
0000010000010010000001000110010000000100000000000000001100000010001001010
0000101010001000010010000001000000000000010100000000000000101000000000000
0000010000010010000001000110010000000100000000000000001100000010001001010
0000010000010010000001000110010000000100000000000000001100000010001001010
0100010000010010000001000110010000000100000000000000000100000010001101011
0000010000010010000001000110010000000100000000000000001100000010001001010
0000101010001000010010000001000000000000010100000000000000101000000000000
0000010000010010000001000110010000000100000000000000001100000010001001010
0000010000010010000001100110010001000100000000000000001100000010001001010
0000010000010010000001000110010000000100000000000000001100000010001001010
0100010000010010000001000110010000000100000000000000000100000010001101011
0000010000010010001001010110010000000100000000000000001100000010001001010
0100010000010010000001000110010000000100000000000000000100000010001101011
0000010000010010000001000110010000000100000000000000001100000010001001010
0000010000010010000001000110010000000100001001000010000100000010001001010
0100010000010010000001000110010000000100000000000000000100000010001101011
0000010000010010000001100110010001000100000000000000001100000010001001010
0000010000010010000001000110010001000100000000000000001100000010001001010
0100010000010010000001000110010000000100000000000000000100000010001101011
0100010000010010000001000110010000000100000000000000000100000010001101011
0000010000010010000001000110010000000100001001000010000100000010001001010
0100010000010010000001000110010000000100000000000000000100000010001101011
0000010000010010000001010110010000000100000000000000001101000010001001010
0000010000010010000001000110010000000100001001000010000100000010001001010
0100010000010010000001000110010000000100000000000000000100000010001101011
0100010000010010000001000110010000000100000000100000000100000010011101011
0100010000010010000001000110010000000100000000000000000100000010001101011
0000010000010010000001000110010000000100000000000000001100000010001001010
0100010000010010000001000110010000000100000000100000000100000010011101011
0000010000010010000001010110010000000100000000000000001100000010001001010
0000010000010010000001000110010000000100000000000001001100000010001001010
0000010000010010000001000110010100000100000000000000000100010010101001010
0000010000010010000001000110010000000100000000000000001100000010001001010
0000010000010010000001000110010000000100000000000001001100000010001001010
0100010000010010000001000110010000000100000000000000000100000010011101011
0000010000010010000001000110010001000100000000000000001100000010001001010
0000010000010010000001000110010001000100000000000000001100000010001001010
0000010000010010000001000110010100000100000000000000000100010010101001010
0100010000010010000001000110010010100100000000000000000100000010001101011
0000010000010010000001000110010000000100000000000000001100000010001001010
0000010000010010000001000110010000000100000000000000001100000010001001010
0000010000010010000001000110010000000100000000000000001100000010001001010
0000010000010010000001000110010001000100000000000000001100000010001001010
0000010000010010000001000110010000000100000000000000001100000010001001010
0000010000010010000001000110010000000100001001000010000100000010001001010
0000010000010010000001010110010000000100000000000000001100000010001001010
0100010000010010000001000110010000000100000000000000000100000010001101011
0000010000010010000001000110010001000100000000000000001100000010001001010
0100010000010010000001000110010000000100000000000000000100000010001101011
0100010000010010000001000110010000000100000000000000000100000010001101011
0000010000010010000001000110010000000100000000000000001100000010001001010
0000010000010010000001000110010000000100000000000000001100000010001001010
0000010000010011000001000110010000000100000000000001001100000010001001010
0000010000010010000001000110010000000100000000000001001100000010001001010
0100010000010010000001000110010000000100000000000000000100000010011101011
0000010000010010000001000110010000000100000000000000001100000010001001010
0000010000010010000001000110010001000100000000000000001100000010001001010
0000010000010010000001000110010000000100000000000001001100000010001001010
0000101010001000010010000001000000000000010100000000000000101000000000000
0100010000010010000001000110010000000100000000000000000100000010001101011
0100010000010010000001000110010000000100000000000000000100000010001101011
0000010000010010000001000110010000000100000000000000001100000010001001010
0000010000010010000001000110010000000100000000000000001100000010001001010
0000010000010010000001000110010000000100001001000010000100000010001001010
0100010000010010000001000110010000000100000000000000000100000010001101011
0000010000010010000001000110010000000100000001000000000100000010001001010
0000010000010010000001000110010000000100000000000000001100000010001001010
0000101010000100000010000001000000000000010100000000100000100000000000000
0000010000010010000001010110010000000100000000000000001100000010001001010
0000010000010010000001000110010001000100000000000000001100000010001001010
0000010000010010000001011110010000000100000000000000001100000110001001010
0100010000010010000001000110010000000100000000000000000100000010001101011
0000010000010010000001000110010000000100000000000000001100000010001001010
0000010000010010000001000110010100000100000000000000000100010010101001010
0000010000010010000001000110010000000100000000000000001100000010001001010
0000010000010010000001000110010001000100000000000000001100000010001001010
0000010000010010000001000110010000000100000000000000001100000010001001010
0100010000010010000001000110010000000100000000000000000100000010001101011
0000010000010010000001010110010000000100000000000000001100000010001001010
0000101010000000000010000001000000000001010100000000100000100000000000000
0000010000010010000001000110010000000100000000000001001100000010001001010
0100010000010010000001000110010000000100000000000000000100000010001111011
0100010000010010000001000110010010000100000000000000000100000010001101011
0000010000010011000001000110010000000100000000000001001100000010001001010
0000010000010010000001000110010000000100000000001000001100000010001001010
0000010000010010000001000110010000000100000000010000001100000010001001010
0100010000010010000001000110010000000100100000000000000100000010001101011
0000010000010010000001000110010000000100000000000000001100000010001001010
0000010000010010000001000110010000000100000000000001001100000010001001010
0000010000010010000001000110010001000100000000000000001100000010001001010
0000010000010010000001000110010000000100000000010000001100000010001001010
0100010000010010000001000110010000000100000000000000000100000010001101011
0100010000010010000001000110010000000100100000000000000100000010001101011
0100010000010010000001000110010000000100000000000000000100000010001101011
0000010000010010000001000110010000000100000000000000001100000010001001010
0000010000010010000001000110010001000100000000000000001100000010001001010
0000010000010010000001000110010000000100000000000000001100000010001001010
0000010000010010001001010110010000000100000000000000001100000010001001010
0100010000010010000001000110010000001100000000000000000100000010001101011
0000101010001000010010000001000000000000010100000000000000101000000000000
0000010000010010000001000110010000000100000000001000001100000010001001010
0100010000010010000001000110010000000100000000000000000100000010001101011
0100010000010010000001000110010010100100000000000000000100000010001101011
0000010000010010001001010110010000000100000000000000001100000010001001010
0000010000110010000001000110010000000100000000000000000100010010101001010
0000010000010010000001000110010000000100000000000000001100000010001001010
0100010000010010000001000110010000000100000000000000000100000010001101011
0100010000010010000001000110010000000100000000000000000100000010001101011
0000101010000000000010000001000000000001010100000000100000100000000000000
0100010000010010000001000110010010100100000000000000000100000010001101011
0000010000010010000001000110010000000100001001000010000100000010001001010
0000010000010010000001000110010001000100000000000000001100000010001001010
0000010000010010000001010110010000000100000000000000001100000010001001010
0000010000010010000001000110010000000100000000000000001100000010001001010
0000010000010010000001000110010000000100000000000000001100000010001001010
0000010000010010000001000110010000000100000000000000001100000010001001010
0100010000010010000001000110010000000100000000000000000100000010001101011
0100010000010010000001000110010000000100000000000000000100000010001101011
0000010000010010000001000110010000000100000000000001001100000010001001010
0100010000010010000001000110010010100100000000000000000100000010001101011
0000010000010010000001000110010001000100000000000000001100000010001001010
0100010000010010000001000110010000000100000000000000000100000010001101011
0000010000010010000001000110010000000100000000000000001100000010001001010
0000010000010010000001000110010001000100000000000000001100000010001001010
0100010000010010000001000110010000000100000000000000000100000010001101011
0000010000010010000001000110010000000100000000000000001100000010001001010
0100010000010010000001000110010000000100000000000000000100000010001101011
0100010000010010000001000110010000000100000000000000000100000010001101011
0000010000010010000001000110010001000100000000000000001100000010001001010
0100010000010010000001000110010000000100000000000000000100000010001101011
0000010000010010000001000110010001000100000000000000001100000010001001010
0000010000010010000001000110010000000100000000000000001100000010001001010
0000010000010010000001000110010001000100000000000000001100000010001001010
0000010000010010000001000110010000000100000000000001001100000010001001010
0000010000010010000001000110010001000100000000000000001100000010001001010
0000010000010010000001010110010000000100000000000000001100000010001001010
0000010000010010000001000110010000000100001001000010000100000010001001010
0000010000010010000001000110010000000100000000000000001100000010001001010
0100010000010010000001000110010000000100000000000000000100000010001101011
0000010000010010000001000110010001000100000000000000001100000010001001010
0100010000010010000001000110010010100100000000000000000100000010001101011
0000010000010010000001010110010000000100000000000000001100000010001001010
0000010000010010000001000110010001000100000000000000001100000010001001010
0000101010000000000010000001000000000000010100000000100000100000000000000
0000010000010010000001000110010001000100000000000000001100000010001001010
0000010000010010000001000110010000000100001001000010000100000010001001010
0000010000010010000001000110010000000100000000000001001100000010001001010
0000010000010010000001000110010100000100000000000000000100010010101001110
0000010000010010000001000110010000000100000000000000001100000010001001010
0100010000010010000001000110010000000100000000000000000100000010001101011
0000010000010010000001000110010000000100000000000000001100000010001001010
0100010000010010000001000110010000000100000000000000000100000010001101011
0000010000010010000001000110010000000100000000000000001100000010001001010
0000010000010010000001000110010000000100000000000000001100000010001001010
0000010000010010000001000110010000000100000000010000001100000010001001010
0100010000010010000001000110010000000100000000000000000100000010001101011
0000010000010010000001000110010100000100000000000000000100010010101001010
0000010000010010000001000110010000000100000000000000001100000010001001010
0000010000010010000001000110010000000100000000000000001100000010001001010
0100010000010010000001000110010000000100000000000000000100000010001101011
0000101110000000000010000001000000000000010100000000100000100000000000000
0000010000010010000001000110010000000100000000010000001100000010001001010
0000010000010010000001000110010000000100000000000000001100000010001001010
0000010000010010000001000110010001000100000000000000001100000010001001010
0100010000010010000001000110010000000100100000000000000100000010001101011
0000010000010010000001000110010000000100000000001000001100000010001001010
0000010000010010000001000110010000000100000000010000001100000010001001010
0000010000010010000001000110010100000100000000000000000100010010101001010
0000010000010010000001000110010000000100000000000000001100000010001001010
0000101010000000000010000001000000000000010100000000100000100000000000000
0100010000010010000001000110010000000100000000000000000100000010001101011
0000101110000000000010000001000000000000010100000000100000100000000000000
0000010000010010000001000110010000000100000000000000001100000010001001010
0000010000010010000001000110010000000100000000010000001100000010001001010
0000010000010010000001000110010000000100000000000000001100000010001001010
0100010000010010000001000110010010100100000000000000000100000010001101011
0100010000010010000001000110010010100100000000000000000100000010001101011
0000010000010010000001000110010000000100000000000000001100000010001001010
0100010000010010000001000110010000000100000000000000000100000010001101011
0000010000010010000001000110010001000100000000000000001100000010001001010
0000010000010010000001000110010000000100000000000000001100000010001001010
0000010000010010000001000110010000000100000000000000001100000010001001010
0000010000010010000001000110010000000100000000000000001100000010001001010
0100010000010010000001000110010000000100000000100000000100000010011101011
0000010000010010000001000110010000000100000001000000000100000010001001010
0100010000010010000001000110010000000100000000000000000100000010011101011
0100010000010010000001000110010000000100000000000000000100000010001101011
0000010000010010000001000110010000000100000000000000001100000010001001010
0000010000010010000001000110010000000100000001000000000100000010001001010
0000010000010010000001000110010000000100000000000000001100000010001001010
0000010000010010000001000110010100000100000000000000000100010010101001010
0100010000010010000001000110010000000100000000100000000100000010011101011
0000010000010010000001000110010000000100000000010000001100000010001001010
0000010000010010000001000110010000000100000000000000001100000010001001010
0000010000110010000001000110010000000100000000000000000100010010101001010
0000010000010010000001000110010000000100000000000000001100000010001001010
0000010000010010000001000110010000000100000000000000001100000010001001010
0100010000010010000001000110010000000100000000000000000100000010001101011
0000010000010010000001000110010000000100000000000001001100000010001001010
0000010000010010000001000110010000000100000000000001001100000010001001010
0100010000010010000001000110010000000100000000000000000100000010001101011
0100010000010010000001000110010000000100000000000000000100000010001101011
0000010000010010000001000110010000000100000000000000001100000010001001010
0000101010000000000010000001000000000001010100000000100000100000000000000
0000010000010010000001000110010001000100000000000000001100000010001001010
0100010000010010000001000110010000000100100000000000000100000010001101011
0000010000110010000001000110010000000100000000000000000100010010101001010
0100010000010010000001000110010000000100000000000000000100000010001101011
0000101010000000000010000001000000000000010100000000100000100000000000000
0100010000010010000001000110010000000100000000000000000100000010001101011
0000010000010010000001000110010001000100000000000000001100000010001001010
0000010000010010000001000110010100000100000000000000000100010010101001010
0100010000010010000001000110010000000100000000000000000100000010001101011
0000101010000000000010000001000000000000010100000000100000100000000000000
0000010000010010000001000110010001000100000000000000001100000010001001010
0000010000010010000001010110010000000100000000000000001100000010001001010
0100010000010010000001000110010000000100000000000000000100000010001101011
0000010000010010000001000110010000000100000000010000001100000010001001010
0000010000010010000001000110010000000100000000010000001100000010001001010
0100010000010010000001000110010000000100000000000000000100000010001101011
0100010000010010000001000110010000000100000000000000000100000010001101011
0000101010000000000010000001000000000001010100000000100000100000000000000
0000010000010010000001000110010000000100000000000000001100000010001001010
0000010000010010000001000110010000000100001001000010000100000010001001010
0100010000010010000001000110010000000100000000000000000100000010001101011
0000010000010010000001000110010000000100000000000000001100000010001001010
0000010000010010000001010110010000000100000000000000001100000010001001010
0000010000010010000001000110010001000100000000000000001100000010001001010
0000010000010011000001000110010000000100000000000001001100000010001001010
0100010000010010000001000110010000000100100000000000000100000010001101011
0000010000010010000001000110010000000100000000000001001100000010001001010
0100010000010010000001000110010000000100000000000000000100000010001101011
0000010000010010000001000110010001000100000000000000001100000010001001010
0100010000010010000001000110010000000100000000000000000100000010001101011
0100010000010010000001000110010000000100000000000000000100000010001101011
0010010000010010000001000110010000000100000000000000001100000010001001010
0000010000010010000001000110010000000100000000000001001100000010001001010
0000010000010010000001000110010001000100000000000000001100000010001001010
0000010000010010000001000110010001000100000000000000001100000010001001010
0000010000010010000001000110010100000100000000000000000100010010101001010
0000010000010010000001000110010000000100000000010000001100000010001001010
0100010000010010000001000110010000000100000000000000000100000010011101011
0100010000010010000001000110010000000100000000000000000100000010001101011
0000010000010010000001000110010000000100000000000000001100000010001001010
0000010000010010000001000110110000000100000000000000001100000010001001010
0000010000010010000001000110010000000100000001000000000100000010001001010
0100010000010010000001000110010000000100000000000000000100000010001101011
0000010000010010000001000110010000000100000000000000011100000010001001010
0000010000010010000001000110010000000100001001000010000100000010001001010
0100010000010010000001000110010000000100000000000000000100000010011101011
0000010000010011000001000110010000000100000000000001001100000010001001010
0100010000010010000001000110010000000100000000000000000100000010001101011
0100010000010010000001000110010000000100000000000000000100000010001101011
0000010000010010000001000110010100000100000000000000000100010010101001010
0000010000010010000001000110010001000100000000000000001100000010001001010
0000010000010010000001000110010000000100000000000000001100000010001001010
0000010000010010000001000110010000000100000000000000001100000010001001010
0000010000010010000001000110010001000100000000000000001100000010001001010
0010010000010010000001000110010000000100000000000000001100000010001001010
0000101010000000000010000001000000000000010100000000100000100000000000000
0000010000010010000001000110010000000100000001000000000100000010001001010
0100010000010010000001000110010000000100000000000000000100000010001101011
0000010000010010000001000110110000000100000000000000001100000010001001010
0000010000010010000001000110010000000100001001000010000100000010001001010
0000010000010010000001000110010000000100000000000000001100000010001001010
0000010000010010000001000110010000000100000000000000001100000010001001010
0000010000010010000001000110010001000100000000000000001100000010001001010
1000010000110010000001000110010000000100000000000000000100010010101001010
0100010000010010000001000110010000000100000000000000000100000010001101011
0000010000010010000001000110010000000100000000000000001100000010001001010
0100010000010010000001000110010000000100000000000000000100000010001101011
0000010000010010000001000110010000000100000000000000001100000010001001010
0100010000010010000001000110010000000100000000000000000100000010001101011
0000010000010010000001100110010001000100000000000000001100000010001001010
0000010000010010001001010110010000000100000000000000001100000010001001010
0000010000010010000001000110010000000100000000000000001100000010001001010
0100010000010010000001000110010000000100000000000000000100000010001101011
0000010000010010000001000110010000000100000000000000001100000010001001010
0100010000010010000001000110010000000100000000000000000100000010001101011
0000010000010010000001000110110000000100000000000000001100000010001001010
0010010000010010000001000110010000000100000000000000001100000010001001010
0100010000010010000001000110010000000100000000000000000100000010001101011
0000010000010010000001000110010001000100000000000000001100000010001001010
0100010000010010000001000110010000000100000000000000000100000010001101011
0000010000010010000001010110010000000100000000000000001101000010001001010
0100010000010010000001000110010000000100000000000000000100000010001101011
0100010000010010000001000110010000000100000000000000000100000010001101011
0000010000010010000001000110110000000100000000000000001100000010001001010
0100010000010010000001000110010000000100000000000000000100000010001101011
